12/31/2022, 5:30:46 PM | INFO | Get ShortUrl
12/31/2022, 5:31:46 PM | INFO | post ShortUrl
12/31/2022, 5:35:43 PM | INFO | post ShortUrl
12/31/2022, 5:40:05 PM | INFO | Get ShortUrldata{"finalStateOfShorturl":null}
12/31/2022, 5:40:20 PM | INFO | Get ShortUrldata{"finalStateOfShorturl":null}
12/31/2022, 5:40:22 PM | INFO | Get ShortUrldata{"finalStateOfShorturl":null}
12/31/2022, 5:43:43 PM | INFO | post ShortUrldata{"full":"https://codeforces.com"}
12/31/2022, 5:44:01 PM | INFO | post ShortUrldata{"full":"https://www.youtube.com/watch?v=SnoAwLP1a-0&list=PL4cUxeGkcC9iqqESP8335DA5cRFp8loyp"}
12/31/2022, 5:44:51 PM | INFO | post ShortUrldata{"full":"https://codeforces.com"}
12/31/2022, 5:48:08 PM | INFO | post ShortUrldata{"full":"https://www.linkedin.com/in/mohamed-ahmed-4b00ba1b2/"}
12/31/2022, 5:48:08 PM | INFO | Redirect to ShortUrldata{"finalStateOfShorturl":[{"_id":"634089b61791b9809c363935","full":"https://www.mongodb.com","clicks":1,"short":"hzQJvfRSW","__v":0},{"_id":"63408a5c4b68237cddfcce33","full":"https://www.coursera.org","clicks":2,"short":"BjPCIYZOs","__v":0},{"_id":"63408ad14b68237cddfcce39","full":"https://codeforces.com","clicks":3,"short":"TynYQzSt8","__v":0},{"_id":"63416ed8c5566a8c67fdf6d6","full":"https://www.linkedin.com/in/mohamed-ahmed-4b00ba1b2/","clicks":4,"short":"F-qjJWOhZ","__v":0},{"_id":"63417027f5d46f305e671dd1","full":"https://www.youtube.com/watch?v=SnoAwLP1a-0&list=PL4cUxeGkcC9iqqESP8335DA5cRFp8loyp","clicks":1,"short":"d1x0VQt8t","__v":0},{"_id":"634170b10931deb240f6d451","full":"https://www.linkedin.com/in/mohamed-ahmed-4b00ba1b2/","clicks":1,"short":"TyBT30htC","__v":0},{"_id":"63909a764fff005c7d1ee66a","full":"https://www.mongodb.com","clicks":0,"short":"wSJ0DhN9K","__v":0},{"_id":"63b055e2be549581f762b80a","full":"https://www.youtube.com/watch?v=3fqyR4dP2Tc&list=PLkzDzmo9y3VETa2XvIch29djB47v4zJQS&index=4","clicks":0,"short":"zagO2QMAF","__v":0},{"_id":"63b056cf70624ecd87375e3d","full":"https://www.mongodb.com","clicks":0,"short":"mgimMfJpU","__v":0},{"_id":"63b0571379b9561f99e4b0fb","full":"https://codeforces.com","clicks":0,"short":"HV1E3S1_m","__v":0},{"_id":"63b057251d04e81fe59235b1","full":"https://codeforces.com","clicks":0,"short":"L_bK1kmQK","__v":0},{"_id":"63b0575d9fd102222c3147de","full":"https://codeforces.com","clicks":0,"short":"qvHzGtvAD","__v":0},{"_id":"63b05770f06b776a973c4018","full":"https://codeforces.com","clicks":0,"short":"H0Otk77C_","__v":0},{"_id":"63b0579540232fdf9ba32ce3","full":"https://codeforces.com","clicks":0,"short":"2emfit4iR","__v":0},{"_id":"63b057fa45324d57a9bbfe11","full":"https://codeforces.com","clicks":0,"short":"bU4AyV2aX","__v":0},{"_id":"63b05824f168b738b3baf267","full":"https://codeforces.com","clicks":0,"short":"rDFwk5tyD","__v":0},{"_id":"63b0585ea89e35db32e3b0f0","full":"https://codeforces.com","clicks":0,"short":"e1KuB5Vyd","__v":0},{"_id":"63b0588b37f98c3b8e0cd9fe","full":"https://codeforces.com","clicks":0,"short":"uQaF3jnVn","__v":0},{"_id":"63b058afc742fa68f9f9e906","full":"https://codeforces.com","clicks":0,"short":"cA0T9XgBH","__v":0},{"_id":"63b058c1c742fa68f9f9e909","full":"https://www.youtube.com/watch?v=SnoAwLP1a-0&list=PL4cUxeGkcC9iqqESP8335DA5cRFp8loyp","clicks":0,"short":"pw7vRmfjx","__v":0},{"_id":"63b058f33acc19c7bee6a8e4","full":"https://codeforces.com","clicks":0,"short":"m23xMYQlH","__v":0},{"_id":"63b059b8a5be58ac642a9e2d","full":"https://www.linkedin.com/in/mohamed-ahmed-4b00ba1b2/","clicks":0,"short":"N5FK2iYsZ","__v":0}]}
12/31/2022, 5:49:03 PM | INFO | post ShortUrldata{"full":"https://www.mongodb.com"}
12/31/2022, 5:49:03 PM | INFO | Redirect to ShortUrl
12/31/2022, 5:52:21 PM | INFO | post ShortUrldata{"full":"https://codeforces.com"}
12/31/2022, 5:57:44 PM | INFO | Redirect to ShortUrldata{"_id":"63408a5c4b68237cddfcce33","full":"https://www.coursera.org","clicks":2,"short":"BjPCIYZOs","__v":0}
12/31/2022, 5:58:08 PM | INFO | Redirect to ShortUrldata{"_id":"63408ad14b68237cddfcce39","full":"https://codeforces.com","clicks":3,"short":"TynYQzSt8","__v":0}
12/31/2022, 6:02:01 PM | INFO | Get | Redirect to ShortUrldata{"$__":{"activePaths":{"paths":{"clicks":"init","short":"init","full":"init","_id":"init","__v":"init"},"states":{"require":{},"default":{},"init":{"_id":true,"full":true,"clicks":true,"short":true,"__v":true}}},"skipId":true},"$isNew":false,"_doc":{"_id":"63408ad14b68237cddfcce39","full":"https://codeforces.com","clicks":4,"short":"TynYQzSt8","__v":0}}
12/31/2022, 6:04:05 PM | INFO | Get | Redirect to ShortUrldata{"otherDetails":{"full":"https://codeforces.com","clicks":5,"short":"TynYQzSt8","__v":0}}
12/31/2022, 6:04:50 PM | INFO | Get | Redirect to ShortUrldata{"otherDetails":{"full":"https://www.mongodb.com","clicks":1,"short":"hzQJvfRSW"}}
12/31/2022, 6:05:12 PM | INFO | Get or Redirect to ShortUrldata{"otherDetails":{"full":"https://www.mongodb.com","clicks":2,"short":"hzQJvfRSW"}}
2/28/2023, 2:41:00 PM | INFO | post ShortUrldata{"full":"https://www.mongodb.com"}
